<analysis>

<original_problem_statement>
The user initially provided a web application (Renovar) and requested its conversion into a full-stack mobile application using Expo/FastAPI/MongoDB.

**PRODUCT REQUIREMENTS (PRD)**

**Original Core Features:**
*   Patient, Doctor, and Admin user roles.
*   Authentication (Login/Register, including Google OAuth).
*   Patient Dashboard: Prescription renewal, exam requests, video consultations.
*   Doctor Dashboard: A queue to handle patient requests.
*   Admin Panel: User, service, and request management.
*   Payments: Real payment integration (MercadoPago with PIX).
*   Chat: For patient-doctor communication.
*   Video Conferencing: Jitsi integration.
*   Digital Signatures for prescriptions.
*   Push Notifications.

**Prescription Renewal Flow:**
1.  Patient submits a request with photos ().
2.  Doctor reviews ().
3.  Doctor approves or rejects. If approved, status becomes .
4.  Patient is notified and pays.
5.  Upon payment, status becomes .
6.  Doctor digitally signs the prescription ().
7.  Prescription is delivered to the patient ().

**New Exam Request Flow (with Nursing):**
*   A new  role is introduced as a first line of analysis.
*   1. Patient submits an exam request ().
*   2. The request enters the **nursing queue** ().
*   3. The nurse reviews and can:
    *   a. Approve directly for simple exams -> .
    *   b. Forward to a doctor for complex exams -> .
    *   c. Reject -> .
*   4. If forwarded, the doctor reviews and approves/rejects. If approved -> .
*   5. The rest of the flow (Payment, Signature, Delivery) is similar to the prescription flow.
</original_problem_statement>

**User's preferred language**: Portuguese. The next agent MUST respond in Portuguese.

**what currently exists?**
A full-stack application with a FastAPI/MongoDB backend and an Expo (React Native) frontend.
-   **Roles:** Patient, Doctor, Admin, and the newly added **Nurse** role are supported.
-   **Backend:**
    -   Features endpoints for all roles, including authentication, user management, and request processing.
    -   The logic for both the prescription flow and the new nurse-led exam flow has been implemented, including new statuses and endpoints.
    -   A  and setup scripts have been created to make the project easily runnable in any local environment.
-   **Frontend:**
    -   A major UI/UX overhaul was performed. A new, modern home page was built. A component library was created with , ,  notifications, and these have been partially integrated.
    -   Scaffolding for the new Nurse role exists (registration screen, dashboard, detail screen files created).
    -   The prescription flow was fixed to correctly handle image uploads.
    -   Auto-refresh logic () has been added to several screens to simulate real-time updates.

**Last working item**:
-   Last item agent was working: The user reported that the app was full of errors after the recent UI overhaul and feature additions. The agent was investigating these errors. It ran backend tests (which passed with 92% coverage) and then identified multiple TypeScript errors and dependency version warnings on the frontend. The agent started fixing a critical TS error where  was being called but didn't exist. It also began removing complex animations that were causing  related errors.
-   Status: IN PROGRESS
-   Agent Testing Done: N (The frontend is currently broken and could not be tested).
-   Which testing method agent to use? The  should be used first to diagnose and fix the frontend errors. After stabilization, use the  to perform a full end-to-end test of all user flows as requested by the user.
-   User Testing Done: N

**All Pending/In progress Issue list**:
  - Issue 1: (P0) Critical Frontend Errors and Instability
  
  Issues Detail:
  - Issue 1: 
     - Description: The user is reporting the app is cheio de erros. The agent's own checks () confirmed multiple TypeScript errors, particularly in the newly created nurse-related screens and in the login flow. There are also dependency version mismatch warnings and potential animation-related errors (). This is a recurrence of a previous instability issue and is the top priority.
     - Attempted fixes: The agent added a  function to  and started removing/simplifying  code in the new home page to resolve  errors. It also corrected the usage in . However, the work was interrupted.
     - Next debug checklist:
        1.  Invoke the  to get a comprehensive diagnosis of the frontend state.
        2.  Run app/(auth)/doctor-register.tsx(90,9): error TS2322: Type '{ children: Element; colors: string[]; style: { flex: number; }; }' is not assignable to type 'IntrinsicAttributes & IntrinsicClassAttributes<View> & Readonly<ViewProps>'.
  Property 'colors' does not exist on type 'IntrinsicAttributes & IntrinsicClassAttributes<View> & Readonly<ViewProps>'.
app/(auth)/login.tsx(46,5): error TS2561: Object literal may only specify known properties, but 'expoClientId' does not exist in type 'Partial<GoogleAuthRequestConfig>'. Did you mean to write 'clientId'?
app/(auth)/register.tsx(67,9): error TS2322: Type '{ children: Element; colors: string[]; style: { flex: number; }; }' is not assignable to type 'IntrinsicAttributes & IntrinsicClassAttributes<View> & Readonly<ViewProps>'.
  Property 'colors' does not exist on type 'IntrinsicAttributes & IntrinsicClassAttributes<View> & Readonly<ViewProps>'.
app/(tabs)/notifications.tsx(147,17): error TS2322: Type '(false | { marginBottom: number; } | { borderLeftWidth: number; borderLeftColor: string; })[]' is not assignable to type 'ViewStyle'.
  Types of property 'filter' are incompatible.
    Type '{ <S extends false | { marginBottom: number; } | { borderLeftWidth: number; borderLeftColor: string; }>(predicate: (value: false | { marginBottom: number; } | { borderLeftWidth: number; borderLeftColor: string; }, index: number, array: (false | ... 1 more ... | { ...; })[]) => value is S, thisArg?: any): S[]; (predi...' is not assignable to type 'string | readonly FilterFunction[] | undefined'.
app/chat/[requestId].tsx(179,21): error TS2367: This comparison appears to be unintentional because the types '"patient" | "doctor" | "support"' and '"system"' have no overlap.
app/chat/[requestId].tsx(182,45): error TS2367: This comparison appears to be unintentional because the types '"patient" | "doctor" | "support"' and '"system"' have no overlap.
app/chat/[requestId].tsx(188,21): error TS2367: This comparison appears to be unintentional because the types '"patient" | "doctor" | "support"' and '"system"' have no overlap.
app/consultation/index.tsx(28,3): error TS2820: Type '"brain"' is not assignable to type '"filter" | "infinite" | "text" | "search" | "repeat" | "link" | "at" | "push" | "map" | "scale" | "body" | "code" | "menu" | "time" | "ellipse" | "image" | "stop" | "key" | "card" | ... 1337 more ... | "woman-sharp"'. Did you mean '"ban"'?
app/doctor/index.tsx(205,23): error TS2322: Type '({ marginBottom: number; } | { borderLeftWidth: number; borderLeftColor: string; })[]' is not assignable to type 'ViewStyle'.
  Types of property 'filter' are incompatible.
    Type '{ <S extends { marginBottom: number; } | { borderLeftWidth: number; borderLeftColor: string; }>(predicate: (value: { marginBottom: number; } | { borderLeftWidth: number; borderLeftColor: string; }, index: number, array: ({ ...; } | { ...; })[]) => value is S, thisArg?: any): S[]; (predicate: (value: { ...; } | { ......' is not assignable to type 'string | readonly FilterFunction[] | undefined'.
app/doctor/index.tsx(280,23): error TS2322: Type '({ marginBottom: number; } | { borderLeftWidth: number; borderLeftColor: string; })[]' is not assignable to type 'ViewStyle'.
  Types of property 'filter' are incompatible.
    Type '{ <S extends { marginBottom: number; } | { borderLeftWidth: number; borderLeftColor: string; }>(predicate: (value: { marginBottom: number; } | { borderLeftWidth: number; borderLeftColor: string; }, index: number, array: ({ ...; } | { ...; })[]) => value is S, thisArg?: any): S[]; (predicate: (value: { ...; } | { ......' is not assignable to type 'string | readonly FilterFunction[] | undefined'.
app/doctor/request/[id].tsx(218,15): error TS2322: Type '({ borderLeftWidth: number; marginBottom: number; } | { borderLeftColor: any; })[]' is not assignable to type 'ViewStyle'.
  Types of property 'filter' are incompatible.
    Type '{ <S extends { borderLeftWidth: number; marginBottom: number; } | { borderLeftColor: any; }>(predicate: (value: { borderLeftWidth: number; marginBottom: number; } | { borderLeftColor: any; }, index: number, array: ({ ...; } | { ...; })[]) => value is S, thisArg?: any): S[]; (predicate: (value: { ...; } | { ...; }, i...' is not assignable to type 'string | readonly FilterFunction[] | undefined'.
app/doctor/request/[id].tsx(320,17): error TS2322: Type '({ marginBottom: number; } | { backgroundColor: string; borderWidth: number; borderColor: string; })[]' is not assignable to type 'ViewStyle'.
  Types of property 'filter' are incompatible.
    Type '{ <S extends { marginBottom: number; } | { backgroundColor: string; borderWidth: number; borderColor: string; }>(predicate: (value: { marginBottom: number; } | { backgroundColor: string; borderWidth: number; borderColor: string; }, index: number, array: ({ ...; } | { ...; })[]) => value is S, thisArg?: any): S[]; (p...' is not assignable to type 'string | readonly FilterFunction[] | undefined'.
app/exam/index.tsx(130,17): error TS2322: Type '(false | { borderWidth: number; borderColor: string; } | { borderColor: string; backgroundColor: string; })[]' is not assignable to type 'ViewStyle'.
  Types of property 'filter' are incompatible.
    Type '{ <S extends false | { borderWidth: number; borderColor: string; } | { borderColor: string; backgroundColor: string; }>(predicate: (value: false | { borderWidth: number; borderColor: string; } | { borderColor: string; backgroundColor: string; }, index: number, array: (false | ... 1 more ... | { ...; })[]) => value i...' is not assignable to type 'string | readonly FilterFunction[] | undefined'.
app/nurse/index.tsx(118,15): error TS2322: Type '({ flex: number; padding: number; alignItems: "center"; backgroundColor: string; } | { backgroundColor: string; })[]' is not assignable to type 'ViewStyle'.
  Types of property 'filter' are incompatible.
    Type '{ <S extends { flex: number; padding: number; alignItems: "center"; backgroundColor: string; } | { backgroundColor: string; }>(predicate: (value: { flex: number; padding: number; alignItems: "center"; backgroundColor: string; } | { ...; }, index: number, array: ({ ...; } | { ...; })[]) => value is S, thisArg?: any):...' is not assignable to type 'string | readonly FilterFunction[] | undefined'.
app/nurse/index.tsx(122,15): error TS2322: Type '({ flex: number; padding: number; alignItems: "center"; backgroundColor: string; } | { backgroundColor: string; })[]' is not assignable to type 'ViewStyle'.
  Types of property 'filter' are incompatible.
    Type '{ <S extends { flex: number; padding: number; alignItems: "center"; backgroundColor: string; } | { backgroundColor: string; }>(predicate: (value: { flex: number; padding: number; alignItems: "center"; backgroundColor: string; } | { ...; }, index: number, array: ({ ...; } | { ...; })[]) => value is S, thisArg?: any):...' is not assignable to type 'string | readonly FilterFunction[] | undefined'.
app/nurse/index.tsx(142,23): error TS2322: Type '({ marginBottom: number; } | { borderLeftWidth: number; borderLeftColor: string; })[]' is not assignable to type 'ViewStyle'.
  Types of property 'filter' are incompatible.
    Type '{ <S extends { marginBottom: number; } | { borderLeftWidth: number; borderLeftColor: string; }>(predicate: (value: { marginBottom: number; } | { borderLeftWidth: number; borderLeftColor: string; }, index: number, array: ({ ...; } | { ...; })[]) => value is S, thisArg?: any): S[]; (predicate: (value: { ...; } | { ......' is not assignable to type 'string | readonly FilterFunction[] | undefined'.
app/nurse/index.tsx(179,38): error TS2322: Type '({ marginBottom: number; } | { borderLeftWidth: number; borderLeftColor: string; })[]' is not assignable to type 'ViewStyle'.
  Types of property 'filter' are incompatible.
    Type '{ <S extends { marginBottom: number; } | { borderLeftWidth: number; borderLeftColor: string; }>(predicate: (value: { marginBottom: number; } | { borderLeftWidth: number; borderLeftColor: string; }, index: number, array: ({ ...; } | { ...; })[]) => value is S, thisArg?: any): S[]; (predicate: (value: { ...; } | { ......' is not assignable to type 'string | readonly FilterFunction[] | undefined'.
app/nurse/index.tsx(279,21): error TS2551: Property 'fontXxl' does not exist on type '{ xs: number; sm: number; md: number; lg: number; xl: number; xxl: number; radiusSm: number; radiusMd: number; radiusLg: number; radiusXl: number; radiusFull: number; fontXs: number; fontSm: number; fontMd: number; ... 4 more ...; font4xl: number; }'. Did you mean 'fontXl'?
app/nurse/request/[id].tsx(54,31): error TS2339: Property 'getToken' does not exist on type 'AxiosInstance'.
app/nurse/request/[id].tsx(70,31): error TS2339: Property 'getToken' does not exist on type 'AxiosInstance'.
app/nurse/request/[id].tsx(90,31): error TS2339: Property 'getToken' does not exist on type 'AxiosInstance'.
app/nurse/request/[id].tsx(104,31): error TS2339: Property 'getToken' does not exist on type 'AxiosInstance'.
app/prescription/index.tsx(81,17): error TS2322: Type '(false | { borderWidth: number; borderColor: string; } | { borderColor: string; backgroundColor: string; })[]' is not assignable to type 'ViewStyle'.
  Types of property 'filter' are incompatible.
    Type '{ <S extends false | { borderWidth: number; borderColor: string; } | { borderColor: string; backgroundColor: string; }>(predicate: (value: false | { borderWidth: number; borderColor: string; } | { borderColor: string; backgroundColor: string; }, index: number, array: (false | ... 1 more ... | { ...; })[]) => value i...' is not assignable to type 'string | readonly FilterFunction[] | undefined'.
app/prescription/payment.tsx(38,9): error TS2353: Object literal may only specify known properties, and 'image_base64' does not exist in type '{ prescription_type: string; medications?: object[] | undefined; prescription_images?: string[] | undefined; notes?: string | undefined; }'.
app/prescription/payment.tsx(127,15): error TS2322: Type '(false | { borderWidth: number; borderColor: string; } | { borderColor: string; backgroundColor: string; })[]' is not assignable to type 'ViewStyle'.
  Types of property 'filter' are incompatible.
    Type '{ <S extends false | { borderWidth: number; borderColor: string; } | { borderColor: string; backgroundColor: string; }>(predicate: (value: false | { borderWidth: number; borderColor: string; } | { borderColor: string; backgroundColor: string; }, index: number, array: (false | ... 1 more ... | { ...; })[]) => value i...' is not assignable to type 'string | readonly FilterFunction[] | undefined'.
app/prescription/payment.tsx(165,15): error TS2322: Type '(false | { borderWidth: number; borderColor: string; } | { borderColor: string; backgroundColor: string; })[]' is not assignable to type 'ViewStyle'.
  Types of property 'filter' are incompatible.
    Type '{ <S extends false | { borderWidth: number; borderColor: string; } | { borderColor: string; backgroundColor: string; }>(predicate: (value: false | { borderWidth: number; borderColor: string; } | { borderColor: string; backgroundColor: string; }, index: number, array: (false | ... 1 more ... | { ...; })[]) => value i...' is not assignable to type 'string | readonly FilterFunction[] | undefined'.
app/prescription/upload.tsx(485,3): error TS1117: An object literal cannot have multiple properties with the same name.
app/prescription/upload.tsx(489,3): error TS1117: An object literal cannot have multiple properties with the same name.
app/prescription/upload.tsx(494,3): error TS1117: An object literal cannot have multiple properties with the same name.
app/prescription/view/[id].tsx(107,15): error TS2322: Type '({ marginBottom: number; } | { backgroundColor: string; borderWidth: number; borderColor: string; })[]' is not assignable to type 'ViewStyle'.
  Types of property 'filter' are incompatible.
    Type '{ <S extends { marginBottom: number; } | { backgroundColor: string; borderWidth: number; borderColor: string; }>(predicate: (value: { marginBottom: number; } | { backgroundColor: string; borderWidth: number; borderColor: string; }, index: number, array: ({ ...; } | { ...; })[]) => value is S, thisArg?: any): S[]; (p...' is not assignable to type 'string | readonly FilterFunction[] | undefined'.
app/request/[id].tsx(45,7): error TS2322: Type 'number' is not assignable to type 'Timeout'.
app/video/[id].tsx(45,7): error TS2322: Type 'number' is not assignable to type 'Timeout'.
src/components/Chat.tsx(40,5): error TS2322: Type 'number' is not assignable to type 'Timeout'.
src/components/Chat.tsx(98,22): error TS2367: This comparison appears to be unintentional because the types '"patient" | "doctor" | "support"' and '"system"' have no overlap.
src/components/Skeleton.tsx(48,9): error TS2322: Type '{ width: string | number; height: number; borderRadius: number; opacity: Animated.AnimatedInterpolation<string | number>; }' is not assignable to type 'false | "" | RegisteredStyle<ViewStyle> | Value | AnimatedInterpolation<string | number> | WithAnimatedObject<ViewStyle> | WithAnimatedArray<...> | readonly (false | ... 6 more ... | undefined)[] | null | undefined'.
  Types of property 'width' are incompatible.
    Type 'string | number' is not assignable to type 'number | "auto" | `${number}%` | Value | AnimatedInterpolation<string | number> | WithAnimatedObject<AnimatedNode> | null | undefined'.
      Type 'string' is not assignable to type 'number | "auto" | `${number}%` | Value | AnimatedInterpolation<string | number> | WithAnimatedObject<AnimatedNode> | null | undefined'. to list all remaining TypeScript errors and fix them one by one, starting with  and .
        3.  Address the dependency warnings reported by . Consider running yarn upgrade v1.22.22
[1/4] Resolving packages...
[2/4] Fetching packages...
[3/4] Linking dependencies...
[4/4] Rebuilding all packages...
success Saved lockfile.
success Saved 663 new dependencies.
info Direct dependencies
├─ @expo/ngrok@4.1.3
├─ @gorhom/bottom-sheet@5.2.8
├─ @react-native-async-storage/async-storage@2.2.0
├─ @react-navigation/bottom-tabs@7.10.1
├─ @react-navigation/native@7.1.28
├─ @types/react@19.0.14
├─ axios@1.13.4
├─ date-fns@4.1.0
├─ eslint-config-expo@9.2.0
├─ eslint@9.39.2
├─ expo-auth-session@7.0.10
├─ expo-blur@15.0.8
├─ expo-clipboard@8.0.8
├─ expo-crypto@15.0.8
├─ expo-device@8.0.10
├─ expo-haptics@15.0.8
├─ expo-image-picker@17.0.10
├─ expo-image@3.0.11
├─ expo-linear-gradient@15.0.8
├─ expo-linking@8.0.11
├─ expo-notifications@0.32.16
├─ expo-router@6.0.22
├─ expo-splash-screen@31.0.13
├─ expo-status-bar@3.0.9
├─ expo-symbols@1.0.8
├─ expo-system-ui@6.0.9
├─ expo-web-browser@15.0.10
├─ expo@54.0.32
├─ lottie-react-native@7.3.5
├─ metro-cache@0.83.3
├─ react-dom@19.1.0
├─ react-native-dotenv@3.4.11
├─ react-native-gesture-handler@2.28.0
├─ react-native-image-zoom-viewer@3.0.1
├─ react-native-reanimated@4.1.6
├─ react-native-safe-area-context@5.6.2
├─ react-native-screens@4.16.0
├─ react-native-svg-transformer@1.5.3
├─ react-native-svg@15.15.1
├─ react-native-toast-message@2.3.3
├─ react-native-web@0.21.2
├─ react-native-webview@13.15.0
├─ react-native-worklets@0.7.2
├─ react-native@0.81.5
├─ react@19.1.0
├─ typescript@5.8.3
└─ zustand@5.0.10
info All dependencies
├─ @0no-co/graphql.web@1.2.0
├─ @babel/code-frame@7.28.6
├─ @babel/helper-compilation-targets@7.28.6
├─ @babel/helper-create-class-features-plugin@7.28.6
├─ @babel/helper-define-polyfill-provider@0.6.6
├─ @babel/helper-replace-supers@7.28.6
├─ @babel/helper-string-parser@7.27.1
├─ @babel/helper-validator-identifier@7.28.5
├─ @babel/helper-wrap-function@7.28.6
├─ @babel/helpers@7.28.6
├─ @babel/highlight@7.25.9
├─ @babel/parser@7.28.6
├─ @babel/plugin-proposal-decorators@7.28.6
├─ @babel/plugin-syntax-async-generators@7.8.4
├─ @babel/plugin-syntax-bigint@7.8.3
├─ @babel/plugin-syntax-class-properties@7.12.13
├─ @babel/plugin-syntax-class-static-block@7.14.5
├─ @babel/plugin-syntax-decorators@7.28.6
├─ @babel/plugin-syntax-dynamic-import@7.8.3
├─ @babel/plugin-syntax-flow@7.28.6
├─ @babel/plugin-syntax-import-attributes@7.28.6
├─ @babel/plugin-syntax-import-meta@7.10.4
├─ @babel/plugin-syntax-json-strings@7.8.3
├─ @babel/plugin-syntax-logical-assignment-operators@7.10.4
├─ @babel/plugin-syntax-numeric-separator@7.10.4
├─ @babel/plugin-syntax-object-rest-spread@7.8.3
├─ @babel/plugin-syntax-optional-catch-binding@7.8.3
├─ @babel/plugin-syntax-private-property-in-object@7.14.5
├─ @babel/plugin-syntax-top-level-await@7.14.5
├─ @babel/plugin-syntax-typescript@7.28.6
├─ @babel/plugin-transform-arrow-functions@7.27.1
├─ @babel/plugin-transform-async-generator-functions@7.28.6
├─ @babel/plugin-transform-async-to-generator@7.28.6
├─ @babel/plugin-transform-block-scoping@7.28.6
├─ @babel/plugin-transform-class-properties@7.27.1
├─ @babel/plugin-transform-class-static-block@7.28.6
├─ @babel/plugin-transform-classes@7.28.4
├─ @babel/plugin-transform-computed-properties@7.28.6
├─ @babel/plugin-transform-destructuring@7.28.5
├─ @babel/plugin-transform-export-namespace-from@7.27.1
├─ @babel/plugin-transform-for-of@7.27.1
├─ @babel/plugin-transform-function-name@7.27.1
├─ @babel/plugin-transform-literals@7.27.1
├─ @babel/plugin-transform-logical-assignment-operators@7.28.6
├─ @babel/plugin-transform-named-capturing-groups-regex@7.27.1
├─ @babel/plugin-transform-nullish-coalescing-operator@7.27.1
├─ @babel/plugin-transform-numeric-separator@7.28.6
├─ @babel/plugin-transform-optional-catch-binding@7.28.6
├─ @babel/plugin-transform-optional-chaining@7.27.1
├─ @babel/plugin-transform-parameters@7.27.7
├─ @babel/plugin-transform-react-display-name@7.28.0
├─ @babel/plugin-transform-react-jsx-development@7.27.1
├─ @babel/plugin-transform-react-jsx-self@7.27.1
├─ @babel/plugin-transform-react-jsx-source@7.27.1
├─ @babel/plugin-transform-react-pure-annotations@7.27.1
├─ @babel/plugin-transform-regenerator@7.28.6
├─ @babel/plugin-transform-shorthand-properties@7.27.1
├─ @babel/plugin-transform-spread@7.28.6
├─ @babel/plugin-transform-sticky-regex@7.27.1
├─ @babel/plugin-transform-template-literals@7.27.1
├─ @babel/plugin-transform-typescript@7.28.6
├─ @babel/plugin-transform-unicode-regex@7.27.1
├─ @babel/preset-react@7.28.5
├─ @babel/preset-typescript@7.27.1
├─ @babel/runtime@7.28.6
├─ @babel/template@7.28.6
├─ @babel/traverse--for-generate-function-map@7.28.6
├─ @babel/traverse@7.28.6
├─ @babel/types@7.28.6
├─ @egjs/hammerjs@2.0.17
├─ @eslint-community/eslint-utils@4.9.1
├─ @eslint-community/regexpp@4.12.2
├─ @eslint/config-array@0.21.1
├─ @eslint/config-helpers@0.4.2
├─ @eslint/eslintrc@3.3.3
├─ @eslint/js@9.39.2
├─ @eslint/object-schema@2.1.7
├─ @eslint/plugin-kit@0.4.1
├─ @expo/cli@54.0.22
├─ @expo/code-signing-certificates@0.0.6
├─ @expo/devcert@1.2.1
├─ @expo/devtools@0.1.8
├─ @expo/fingerprint@0.15.4
├─ @expo/metro-config@54.0.14
├─ @expo/metro-runtime@6.1.2
├─ @expo/ngrok-bin-linux-arm64@2.3.41
├─ @expo/ngrok-bin@2.3.42
├─ @expo/ngrok@4.1.3
├─ @expo/osascript@2.3.8
├─ @expo/package-manager@1.9.10
├─ @expo/sdk-runtime-versions@1.0.0
├─ @expo/sudo-prompt@9.3.2
├─ @expo/ws-tunnel@1.0.6
├─ @expo/xcpretty@4.3.2
├─ @gorhom/bottom-sheet@5.2.8
├─ @gorhom/portal@1.0.14
├─ @humanfs/core@0.19.1
├─ @humanfs/node@0.16.7
├─ @humanwhocodes/module-importer@1.0.1
├─ @humanwhocodes/retry@0.4.3
├─ @ide/backoff@1.0.0
├─ @isaacs/balanced-match@4.0.1
├─ @isaacs/brace-expansion@5.0.0
├─ @isaacs/fs-minipass@4.0.1
├─ @isaacs/ttlcache@1.4.1
├─ @istanbuljs/load-nyc-config@1.1.0
├─ @jest/create-cache-key-function@29.7.0
├─ @jest/environment@29.7.0
├─ @jest/transform@29.7.0
├─ @jridgewell/remapping@2.3.5
├─ @jridgewell/resolve-uri@3.1.2
├─ @jridgewell/source-map@0.3.11
├─ @jridgewell/sourcemap-codec@1.5.5
├─ @jridgewell/trace-mapping@0.3.31
├─ @nolyfill/is-core-module@1.0.39
├─ @radix-ui/react-collection@1.1.7
├─ @radix-ui/react-dialog@1.1.15
├─ @radix-ui/react-dismissable-layer@1.1.11
├─ @radix-ui/react-focus-guards@1.1.3
├─ @radix-ui/react-focus-scope@1.1.7
├─ @radix-ui/react-portal@1.1.9
├─ @radix-ui/react-roving-focus@1.1.11
├─ @radix-ui/react-tabs@1.1.13
├─ @radix-ui/react-use-effect-event@0.0.2
├─ @radix-ui/react-use-escape-keydown@1.1.1
├─ @react-native-async-storage/async-storage@2.2.0
├─ @react-native/assets-registry@0.81.5
├─ @react-native/babel-plugin-codegen@0.81.5
├─ @react-native/babel-preset@0.81.5
├─ @react-native/community-cli-plugin@0.81.5
├─ @react-native/debugger-frontend@0.81.5
├─ @react-native/gradle-plugin@0.81.5
├─ @react-native/js-polyfills@0.81.5
├─ @react-native/virtualized-lists@0.81.5
├─ @react-navigation/bottom-tabs@7.10.1
├─ @react-navigation/core@7.14.0
├─ @react-navigation/native-stack@7.11.0
├─ @react-navigation/native@7.1.28
├─ @react-navigation/routers@7.5.3
├─ @rtsao/scc@1.1.0
├─ @sinclair/typebox@0.27.8
├─ @sindresorhus/is@4.6.0
├─ @sinonjs/commons@3.0.1
├─ @sinonjs/fake-timers@10.3.0
├─ @svgr/babel-plugin-add-jsx-attribute@8.0.0
├─ @svgr/babel-plugin-remove-jsx-attribute@8.0.0
├─ @svgr/babel-plugin-remove-jsx-empty-expression@8.0.0
├─ @svgr/babel-plugin-replace-jsx-attribute-value@8.0.0
├─ @svgr/babel-plugin-svg-dynamic-title@8.0.0
├─ @svgr/babel-plugin-svg-em-dimensions@8.0.0
├─ @svgr/babel-plugin-transform-react-native-svg@8.1.0
├─ @svgr/babel-plugin-transform-svg-component@8.0.0
├─ @svgr/core@8.1.0
├─ @svgr/hast-util-to-babel-ast@8.0.0
├─ @svgr/plugin-jsx@8.1.0
├─ @svgr/plugin-svgo@8.1.0
├─ @szmarczak/http-timer@4.0.6
├─ @trysound/sax@0.2.0
├─ @types/babel__generator@7.27.0
├─ @types/babel__template@7.4.4
├─ @types/babel__traverse@7.28.0
├─ @types/cacheable-request@6.0.3
├─ @types/estree@1.0.8
├─ @types/graceful-fs@4.1.9
├─ @types/hammerjs@2.0.46
├─ @types/http-cache-semantics@4.2.0
├─ @types/istanbul-lib-coverage@2.0.6
├─ @types/istanbul-lib-report@3.0.3
├─ @types/istanbul-reports@3.0.4
├─ @types/json-schema@7.0.15
├─ @types/json5@0.0.29
├─ @types/keyv@3.1.4
├─ @types/react@19.0.14
├─ @types/stack-utils@2.0.3
├─ @types/yargs-parser@21.0.3
├─ @types/yargs@17.0.35
├─ @typescript-eslint/eslint-plugin@8.54.0
├─ @typescript-eslint/parser@8.54.0
├─ @typescript-eslint/project-service@8.54.0
├─ @typescript-eslint/tsconfig-utils@8.54.0
├─ @typescript-eslint/type-utils@8.54.0
├─ @typescript-eslint/types@8.54.0
├─ @ungap/structured-clone@1.3.0
├─ @unrs/resolver-binding-linux-arm64-gnu@1.11.1
├─ @unrs/resolver-binding-linux-arm64-musl@1.11.1
├─ @urql/core@5.2.0
├─ @urql/exchange-retry@1.3.2
├─ accepts@1.3.8
├─ acorn-jsx@5.3.2
├─ agent-base@7.1.4
├─ ansi-escapes@4.3.2
├─ ansi-regex@5.0.1
├─ ansi-styles@4.3.0
├─ anymatch@3.1.3
├─ argparse@2.0.1
├─ aria-hidden@1.2.6
├─ array-buffer-byte-length@1.0.2
├─ array-includes@3.1.9
├─ array.prototype.findlast@1.2.5
├─ array.prototype.findlastindex@1.2.6
├─ array.prototype.flat@1.3.3
├─ array.prototype.tosorted@1.1.4
├─ arraybuffer.prototype.slice@1.0.4
├─ asap@2.0.6
├─ assert@2.1.0
├─ async-function@1.0.0
├─ async-limiter@1.0.1
├─ asynckit@0.4.0
├─ axios@1.13.4
├─ babel-jest@29.7.0
├─ babel-plugin-jest-hoist@29.6.3
├─ babel-plugin-polyfill-corejs2@0.4.15
├─ babel-plugin-polyfill-corejs3@0.13.0
├─ babel-plugin-polyfill-regenerator@0.6.6
├─ babel-plugin-react-compiler@1.0.0
├─ babel-plugin-react-native-web@0.21.2
├─ babel-preset-current-node-syntax@1.2.0
├─ babel-preset-expo@54.0.10
├─ babel-preset-jest@29.6.3
├─ badgin@1.2.3
├─ baseline-browser-mapping@2.9.18
├─ better-opn@3.0.2
├─ bplist-parser@0.3.2
├─ brace-expansion@1.1.12
├─ braces@3.0.3
├─ browserslist@4.28.1
├─ bser@2.1.1
├─ buffer-from@1.1.2
├─ buffer@5.7.1
├─ bytes@3.1.2
├─ cacheable-lookup@5.0.4
├─ cacheable-request@7.0.4
├─ call-bind-apply-helpers@1.0.2
├─ callsites@3.1.0
├─ caniuse-lite@1.0.30001766
├─ chownr@3.0.0
├─ chrome-launcher@0.15.2
├─ chromium-edge-launcher@0.2.0
├─ ci-info@3.9.0
├─ cli-cursor@2.1.0
├─ cli-spinners@2.9.2
├─ client-only@0.0.1
├─ cliui@8.0.1
├─ clone-response@1.0.3
├─ clone@1.0.4
├─ color-name@1.1.4
├─ color-string@1.9.1
├─ combined-stream@1.0.8
├─ compressible@2.0.18
├─ compression@1.8.1
├─ concat-map@0.0.1
├─ convert-source-map@2.0.0
├─ core-js-compat@3.48.0
├─ cross-fetch@3.2.0
├─ cross-spawn@7.0.6
├─ crypto-random-string@2.0.0
├─ css-in-js-utils@3.1.0
├─ css-tree@1.1.3
├─ csso@5.0.5
├─ csstype@3.2.3
├─ data-view-buffer@1.0.2
├─ data-view-byte-length@1.0.2
├─ data-view-byte-offset@1.0.1
├─ date-fns@4.1.0
├─ decode-uri-component@0.2.2
├─ decompress-response@6.0.0
├─ deep-extend@0.6.0
├─ deep-is@0.1.4
├─ defaults@1.0.4
├─ defer-to-connect@2.0.1
├─ define-lazy-prop@2.0.0
├─ delayed-stream@1.0.0
├─ depd@2.0.0
├─ destroy@1.2.0
├─ detect-libc@2.1.2
├─ detect-node-es@1.1.0
├─ dom-serializer@2.0.0
├─ domutils@3.2.2
├─ dot-case@3.0.4
├─ electron-to-chromium@1.5.279
├─ emoji-regex@8.0.0
├─ end-of-stream@1.4.5
├─ entities@4.5.0
├─ env-editor@0.4.2
├─ error-ex@1.3.4
├─ error-stack-parser@2.1.4
├─ es-iterator-helpers@1.2.2
├─ es-to-primitive@1.3.0
├─ escalade@3.2.0
├─ eslint-config-expo@9.2.0
├─ eslint-import-resolver-node@0.3.9
├─ eslint-import-resolver-typescript@3.10.1
├─ eslint-module-utils@2.12.1
├─ eslint-plugin-expo@0.1.4
├─ eslint-plugin-import@2.32.0
├─ eslint-plugin-react-hooks@5.2.0
├─ eslint-plugin-react@7.37.5
├─ eslint-scope@8.4.0
├─ eslint@9.39.2
├─ espree@10.4.0
├─ esprima@4.0.1
├─ esquery@1.7.0
├─ esrecurse@4.3.0
├─ estraverse@5.3.0
├─ etag@1.8.1
├─ event-target-shim@5.0.1
├─ exec-async@2.2.0
├─ expo-asset@12.0.12
├─ expo-auth-session@7.0.10
├─ expo-blur@15.0.8
├─ expo-clipboard@8.0.8
├─ expo-crypto@15.0.8
├─ expo-device@8.0.10
├─ expo-file-system@19.0.21
├─ expo-haptics@15.0.8
├─ expo-image-loader@6.0.0
├─ expo-image-picker@17.0.10
├─ expo-image@3.0.11
├─ expo-keep-awake@15.0.8
├─ expo-linear-gradient@15.0.8
├─ expo-linking@8.0.11
├─ expo-modules-autolinking@3.0.24
├─ expo-modules-core@3.0.29
├─ expo-notifications@0.32.16
├─ expo-router@6.0.22
├─ expo-splash-screen@31.0.13
├─ expo-status-bar@3.0.9
├─ expo-symbols@1.0.8
├─ expo-system-ui@6.0.9
├─ expo-web-browser@15.0.10
├─ expo@54.0.32
├─ exponential-backoff@3.1.3
├─ fast-deep-equal@3.1.3
├─ fast-json-stable-stringify@2.1.0
├─ fast-levenshtein@2.0.6
├─ fbjs-css-vars@1.0.2
├─ fbjs@3.0.5
├─ file-entry-cache@8.0.0
├─ fill-range@7.1.1
├─ filter-obj@1.1.0
├─ finalhandler@1.1.2
├─ flat-cache@4.0.1
├─ flatted@3.3.3
├─ follow-redirects@1.15.11
├─ fontfaceobserver@2.3.0
├─ form-data@4.0.5
├─ freeport-async@2.0.0
├─ fresh@0.5.2
├─ fs.realpath@1.0.0
├─ function.prototype.name@1.1.8
├─ generator-function@2.0.1
├─ gensync@1.0.0-beta.2
├─ get-caller-file@2.0.5
├─ get-nonce@1.0.1
├─ get-package-type@0.1.0
├─ get-stream@5.2.0
├─ get-symbol-description@1.1.0
├─ get-tsconfig@4.13.0
├─ glob-parent@6.0.2
├─ global-dirs@0.1.1
├─ globals@16.5.0
├─ got@11.8.6
├─ hermes-estree@0.29.1
├─ hoist-non-react-statics@3.3.2
├─ hosted-git-info@7.0.2
├─ http-cache-semantics@4.2.0
├─ http-errors@2.0.1
├─ http2-wrapper@1.0.3
├─ https-proxy-agent@7.0.6
├─ hyphenate-style-name@1.1.0
├─ ieee754@1.2.1
├─ image-size@1.2.1
├─ import-fresh@3.3.1
├─ inflight@1.0.6
├─ inherits@2.0.4
├─ ini@1.3.8
├─ inline-style-prefixer@7.0.1
├─ invariant@2.2.4
├─ is-arguments@1.2.0
├─ is-array-buffer@3.0.5
├─ is-arrayish@0.3.4
├─ is-async-function@2.1.1
├─ is-bigint@1.1.0
├─ is-boolean-object@1.2.2
├─ is-bun-module@2.0.0
├─ is-data-view@1.0.2
├─ is-date-object@1.1.0
├─ is-extglob@2.1.1
├─ is-finalizationregistry@1.1.1
├─ is-fullwidth-code-point@3.0.0
├─ is-generator-function@1.1.2
├─ is-map@2.0.3
├─ is-nan@1.3.2
├─ is-negative-zero@2.0.3
├─ is-number-object@1.1.1
├─ is-number@7.0.0
├─ is-plain-obj@2.1.0
├─ is-shared-array-buffer@1.0.4
├─ is-symbol@1.1.1
├─ is-weakmap@2.0.2
├─ is-weakref@1.1.1
├─ is-weakset@2.0.4
├─ isexe@2.0.0
├─ istanbul-lib-coverage@3.2.2
├─ istanbul-lib-instrument@5.2.1
├─ iterator.prototype@1.1.5
├─ jest-environment-node@29.7.0
├─ jest-get-type@29.6.3
├─ jest-haste-map@29.7.0
├─ jest-message-util@29.7.0
├─ jest-validate@29.7.0
├─ jimp-compact@0.16.1
├─ jsc-safe-url@0.2.4
├─ jsesc@3.1.0
├─ json-buffer@3.0.1
├─ json-parse-even-better-errors@2.3.1
├─ json-schema-traverse@0.4.1
├─ json-stable-stringify-without-jsonify@1.0.1
├─ jsx-ast-utils@3.3.5
├─ keyv@4.5.4
├─ kleur@3.0.3
├─ lan-network@0.1.7
├─ leven@3.1.0
├─ lightningcss-linux-arm64-gnu@1.31.1
├─ lightningcss-linux-arm64-musl@1.31.1
├─ lightningcss@1.31.1
├─ locate-path@6.0.0
├─ lodash.debounce@4.0.8
├─ lodash.merge@4.6.2
├─ log-symbols@2.2.0
├─ loose-envify@1.4.0
├─ lottie-react-native@7.3.5
├─ lower-case@2.0.2
├─ lru-cache@11.2.5
├─ makeerror@1.0.12
├─ marky@1.3.0
├─ mdn-data@2.0.14
├─ memoize-one@5.2.1
├─ merge-options@3.0.4
├─ merge-stream@2.0.0
├─ metro-cache@0.83.3
├─ metro-config@0.83.3
├─ metro-core@0.83.3
├─ metro-runtime@0.83.3
├─ metro-source-map@0.83.3
├─ metro@0.83.3
├─ mime-db@1.52.0
├─ mime-types@2.1.35
├─ mime@1.6.0
├─ mimic-fn@1.2.0
├─ mimic-response@3.1.0
├─ minipass@7.1.2
├─ minizlib@3.1.0
├─ mkdirp@1.0.4
├─ ms@2.1.3
├─ mz@2.7.0
├─ nanoid@3.3.11
├─ napi-postinstall@0.3.4
├─ negotiator@0.6.3
├─ nested-error-stacks@2.0.1
├─ no-case@3.0.4
├─ node-fetch@2.7.0
├─ node-int64@0.4.0
├─ node-releases@2.0.27
├─ normalize-path@3.0.0
├─ normalize-url@6.1.0
├─ nth-check@2.1.1
├─ ob1@0.83.3
├─ object-assign@4.1.1
├─ object-is@1.1.6
├─ object.assign@4.1.7
├─ object.entries@1.1.9
├─ object.groupby@1.0.3
├─ object.values@1.2.1
├─ on-finished@2.4.1
├─ on-headers@1.1.0
├─ onetime@2.0.1
├─ open@7.4.2
├─ optionator@0.9.4
├─ own-keys@1.0.1
├─ p-cancelable@2.1.1
├─ p-limit@3.1.0
├─ p-locate@5.0.0
├─ p-try@2.2.0
├─ parent-module@1.0.1
├─ parse-json@5.2.0
├─ parse-png@2.1.0
├─ path-dirname@1.0.2
├─ path-is-absolute@1.0.1
├─ path-key@3.1.1
├─ path-scurry@2.0.1
├─ path-type@4.0.0
├─ picomatch@2.3.1
├─ pirates@4.0.7
├─ plist@3.1.0
├─ pngjs@3.4.0
├─ postcss-value-parser@4.2.0
├─ postcss@8.4.49
├─ pretty-bytes@5.6.0
├─ proc-log@4.2.0
├─ progress@2.0.3
├─ promise@8.3.0
├─ prompts@2.4.2
├─ prop-types@15.8.1
├─ proxy-from-env@1.1.0
├─ pump@3.0.3
├─ punycode@2.3.1
├─ qrcode-terminal@0.11.0
├─ queue@6.0.2
├─ quick-lru@5.1.1
├─ range-parser@1.2.1
├─ rc@1.2.8
├─ react-devtools-core@6.1.5
├─ react-dom@19.1.0
├─ react-fast-compare@3.2.2
├─ react-freeze@1.0.4
├─ react-is@16.13.1
├─ react-native-dotenv@3.4.11
├─ react-native-gesture-handler@2.28.0
├─ react-native-image-pan-zoom@2.1.12
├─ react-native-image-zoom-viewer@3.0.1
├─ react-native-reanimated@4.1.6
├─ react-native-safe-area-context@5.6.2
├─ react-native-screens@4.16.0
├─ react-native-svg-transformer@1.5.3
├─ react-native-svg@15.15.1
├─ react-native-toast-message@2.3.3
├─ react-native-web@0.21.2
├─ react-native-webview@13.15.0
├─ react-native-worklets@0.7.2
├─ react-native@0.81.5
├─ react-remove-scroll-bar@2.3.8
├─ react-remove-scroll@2.7.2
├─ react-style-singleton@2.2.3
├─ react@19.1.0
├─ reflect.getprototypeof@1.0.10
├─ regenerate-unicode-properties@10.2.2
├─ regenerator-runtime@0.13.11
├─ regexp.prototype.flags@1.5.4
├─ regexpu-core@6.4.0
├─ regjsgen@0.8.0
├─ regjsparser@0.13.0
├─ require-directory@2.1.1
├─ requireg@0.2.2
├─ resolve-alpn@1.2.1
├─ resolve-global@1.0.0
├─ resolve-pkg-maps@1.0.0
├─ resolve.exports@2.0.3
├─ resolve@1.22.11
├─ restore-cursor@2.0.0
├─ rimraf@3.0.2
├─ safe-buffer@5.2.1
├─ sax@1.4.4
├─ scheduler@0.26.0
├─ semver@7.7.3
├─ send@0.19.2
├─ serialize-error@2.1.0
├─ serve-static@1.16.3
├─ server-only@0.0.1
├─ set-function-length@1.2.2
├─ set-proto@1.0.0
├─ setimmediate@1.0.5
├─ setprototypeof@1.2.0
├─ sf-symbols-typescript@2.2.0
├─ shallowequal@1.1.0
├─ shebang-command@2.0.0
├─ shebang-regex@3.0.0
├─ shell-quote@1.8.3
├─ side-channel-list@1.0.0
├─ side-channel-weakmap@1.0.2
├─ signal-exit@3.0.7
├─ simple-plist@1.3.1
├─ simple-swizzle@0.2.4
├─ sisteransi@1.0.5
├─ slugify@1.6.6
├─ snake-case@3.0.4
├─ source-map-support@0.5.21
├─ split-on-first@1.1.0
├─ sprintf-js@1.0.3
├─ stable-hash@0.0.5
├─ stack-utils@2.0.6
├─ stackframe@1.3.4
├─ stop-iteration-iterator@1.1.0
├─ stream-buffers@2.2.0
├─ strict-uri-encode@2.0.0
├─ string-width@4.2.3
├─ string.prototype.matchall@4.0.12
├─ string.prototype.repeat@1.0.0
├─ string.prototype.trim@1.2.10
├─ string.prototype.trimstart@1.0.8
├─ strip-bom@3.0.0
├─ strip-json-comments@3.1.1
├─ structured-headers@0.4.1
├─ styleq@0.1.3
├─ sucrase@3.35.1
├─ supports-color@7.2.0
├─ supports-hyperlinks@2.3.0
├─ svg-parser@2.0.4
├─ svgo@3.3.2
├─ tar@7.5.6
├─ temp-dir@2.0.0
├─ terminal-link@2.1.1
├─ terser@5.46.0
├─ test-exclude@6.0.0
├─ thenify-all@1.6.0
├─ thenify@3.3.1
├─ throat@5.0.0
├─ tinyglobby@0.2.15
├─ tmpl@1.0.5
├─ to-regex-range@5.0.1
├─ toidentifier@1.0.1
├─ tr46@0.0.3
├─ ts-interface-checker@0.1.13
├─ tsconfig-paths@3.15.0
├─ type-check@0.4.0
├─ type-detect@4.0.8
├─ type-fest@0.7.1
├─ typed-array-buffer@1.0.3
├─ typed-array-byte-length@1.0.3
├─ typed-array-byte-offset@1.0.4
├─ typed-array-length@1.0.7
├─ typescript@5.8.3
├─ ua-parser-js@0.7.41
├─ unbox-primitive@1.1.0
├─ undici-types@7.16.0
├─ undici@6.23.0
├─ unicode-canonical-property-names-ecmascript@2.0.1
├─ unicode-match-property-ecmascript@2.0.0
├─ unicode-match-property-value-ecmascript@2.2.1
├─ unicode-property-aliases-ecmascript@2.2.0
├─ unique-string@2.0.0
├─ unpipe@1.0.0
├─ unrs-resolver@1.11.1
├─ update-browserslist-db@1.2.3
├─ uri-js@4.4.1
├─ use-callback-ref@1.3.3
├─ use-latest-callback@0.2.6
├─ use-sidecar@1.1.3
├─ util@0.12.5
├─ utils-merge@1.0.1
├─ uuid@3.4.0
├─ validate-npm-package-name@5.0.1
├─ vary@1.1.2
├─ vaul@1.1.2
├─ walker@1.0.8
├─ warn-once@0.1.1
├─ wcwidth@1.0.1
├─ webidl-conversions@5.0.0
├─ whatwg-url-without-unicode@8.0.0-3
├─ whatwg-url@5.0.0
├─ which-boxed-primitive@1.1.1
├─ which-builtin-type@1.2.1
├─ which-collection@1.0.2
├─ which@2.0.2
├─ word-wrap@1.2.5
├─ write-file-atomic@4.0.2
├─ xcode@3.0.1
├─ y18n@5.0.8
├─ yallist@3.1.1
├─ yaml@1.10.2
├─ yargs-parser@21.1.1
├─ yocto-queue@0.1.0
└─ zustand@5.0.10
Done in 14.67s. for the mismatched packages like .
        4.  Once all build-time errors are gone, restart Expo with cache clearing ([19:37:49] Starting project at /app/frontend) and test the app manually to ensure it loads.
     - Why fix this issue and what will be achieved with the fix?: The application is unusable. Fixing this will unblock all other development and testing, and is critical to addressing the user's frustration.
     - Status:  IN PROGRESS
     - Is recurring issue? Y
     - Should Test frontend/backend/both after fix?: frontend
     - Blocked on other issue: No, this is the main blocker.

**In progress Task List**:
  - Task 1: Complete the UI/UX Overhaul Integration (P1)
     - Where to resume: The new components (, , ) have only been integrated into , , and . They need to be integrated across all other relevant screens (e.g., all registration forms, detail screens, admin panel) to ensure a consistent, polished user experience.
     - What will be achieved with this?: A more professional, robust, and consistent UI across the entire application.
     - Status: IN PROGRESS
     - Should Test frontend/backend/both after fix?: frontend
     - Blocked on something: **Issue 1: Critical Frontend Errors and Instability**.

  - Task 2: Complete the Nurse-Led Exam Flow (P2)
     - Where to resume: The backend is complete. The frontend work needs to be done.
        1.  Flesh out the nurse dashboard: . It needs to fetch and display requests from the  endpoint.
        2.  Build the nurse request detail screen: . This screen needs to allow the nurse to review request details (including images) and perform actions: Approve, Reject, or Forward to Doctor.
        3.  Build the nurse registration screen: .
        4.  Simplify the patient's exam request screen () as per the new spec (patient just submits photos/text, no complex fields).
     - What will be achieved with this?: A major new feature requested by the user will be fully functional.
     - Status: IN PROGRESS
     - Should Test frontend/backend/both after fix?: both
     - Blocked on something: **Issue 1: Critical Frontend Errors and Instability**.

**Upcoming and Future Tasks**
    Upcoming Tasks:
    - P3: **Implement Real-Time Updates (Push Notifications & Sockets):** The user is very frustrated by the lack of real-time updates. The current  solution is a temporary hack.
        - **Push Notifications:** The backend needs to trigger notifications on key status changes (e.g., , , ).
        - **Real-Time Sync:** Replace  with a proper WebSocket or Supabase Realtime implementation to instantly update the UI for both patient and doctor when a request's status changes.
    - P4: **Implement Digital Signatures:** The user explicitly mentioned this is missing. The backend endpoint  exists but is a placeholder. It needs to be integrated with a real service like ClickSign.

    Future Tasks:
    - P5: **Admin Panel Reports:** The Relatórios section in the Admin Panel is still a placeholder and can be built out.
    - P6: **Consultation Flow:** The backend testing agent noted that the consultation flow is not fully implemented. This can be reviewed and completed.

**Completed work in this session**
- **Frontend Stabilization:** Fixed widespread incorrect relative import paths that were causing the app to crash.
- **Critical Bug Fix (Image Upload):** Resolved the issue where prescription images sent by the patient were not visible to the doctor due to a frontend/backend data model mismatch.
- **New Feature - Nurse Flow (Backend):** The entire backend logic for the new nurse-led exam request flow was architected and implemented.
- **Major UI/UX Overhaul:**
    - A completely new, modern, and visually appealing patient home page was designed and built.
    - A library of reusable UI components (, , , , etc.) was created.
    - These new components were integrated into several key screens, improving their look and feel.
- **Project Portability:** The project was made easy to run locally by adding , a  with instructions, and setup scripts.
- **Sync Improvements (Temporary):** Auto-refresh logic was added to several screens to improve data synchronization between users.

**Earlier issues found/mentioned but not fixed**
   - **Lack of Real-time Updates:** This is the user's biggest complaint after stability. The implemented  is not a real solution and the user noticed it. Proper push notifications and/or WebSockets are required.
   - **Incomplete Digital Signature Flow:** The backend endpoint is a placeholder and doesn't connect to a real signature service. The user flow is therefore incomplete.

**Known issue recurrence from previous fork**
  - **Frontend Instability:** The primary issue from the start of the session has recurred. After a major UI overhaul and adding new libraries, the project is again in a state of cheio de erros with TypeScript and dependency issues, blocking further progress.
  - Recurrence count: 2 (at least).
  - Status: IN PROGRESS

**Code Architecture**


**Key Technical Concepts**
- **Full-Stack:** Expo (React Native) frontend, FastAPI backend.
- **Database:** MongoDB.
- **Containerization:** Docker and Docker Compose for local development.
- **UI/UX:**
    -  for animations.
    -  for visuals.
    -  for notifications.
    - Custom component library for Skeleton Loaders and Empty States.
- **State Management:** React Context API (, ).

**key DB schema**
-   **users:** 
-   **doctor_profiles:** 
-   **nurse_profiles:** 
-   **requests:** 

**changes in tech stack**
-   Added , , ,  to the frontend.

**All files of reference**
-   : Has a critical TypeScript error () that was being fixed.
-   : Completely rewritten to be a new, modern home page. May contain animation code () causing errors.
-   : Was being modified to add a missing  helper function.
-   : Heavily modified to include all logic for the new Nurse-led exam flow.
-    & : New files that make the project portable.
-    &  output: Key to debugging the current instability.

**Critical Info for New Agent**
-   **TOP PRIORITY: FIX THE FRONTEND.** The user is extremely frustrated with the app cheio de erros. Do not proceed with any feature work until the application is stable and running without TypeScript or runtime errors. Start with  or by running app/(auth)/doctor-register.tsx(90,9): error TS2322: Type '{ children: Element; colors: string[]; style: { flex: number; }; }' is not assignable to type 'IntrinsicAttributes & IntrinsicClassAttributes<View> & Readonly<ViewProps>'.
  Property 'colors' does not exist on type 'IntrinsicAttributes & IntrinsicClassAttributes<View> & Readonly<ViewProps>'.
app/(auth)/login.tsx(46,5): error TS2561: Object literal may only specify known properties, but 'expoClientId' does not exist in type 'Partial<GoogleAuthRequestConfig>'. Did you mean to write 'clientId'?
app/(auth)/register.tsx(67,9): error TS2322: Type '{ children: Element; colors: string[]; style: { flex: number; }; }' is not assignable to type 'IntrinsicAttributes & IntrinsicClassAttributes<View> & Readonly<ViewProps>'.
  Property 'colors' does not exist on type 'IntrinsicAttributes & IntrinsicClassAttributes<View> & Readonly<ViewProps>'.
app/(tabs)/notifications.tsx(147,17): error TS2322: Type '(false | { marginBottom: number; } | { borderLeftWidth: number; borderLeftColor: string; })[]' is not assignable to type 'ViewStyle'.
  Types of property 'filter' are incompatible.
    Type '{ <S extends false | { marginBottom: number; } | { borderLeftWidth: number; borderLeftColor: string; }>(predicate: (value: false | { marginBottom: number; } | { borderLeftWidth: number; borderLeftColor: string; }, index: number, array: (false | ... 1 more ... | { ...; })[]) => value is S, thisArg?: any): S[]; (predi...' is not assignable to type 'string | readonly FilterFunction[] | undefined'.
app/chat/[requestId].tsx(179,21): error TS2367: This comparison appears to be unintentional because the types '"patient" | "doctor" | "support"' and '"system"' have no overlap.
app/chat/[requestId].tsx(182,45): error TS2367: This comparison appears to be unintentional because the types '"patient" | "doctor" | "support"' and '"system"' have no overlap.
app/chat/[requestId].tsx(188,21): error TS2367: This comparison appears to be unintentional because the types '"patient" | "doctor" | "support"' and '"system"' have no overlap.
app/consultation/index.tsx(28,3): error TS2820: Type '"brain"' is not assignable to type '"filter" | "infinite" | "text" | "search" | "repeat" | "link" | "at" | "push" | "map" | "scale" | "body" | "code" | "menu" | "time" | "ellipse" | "image" | "stop" | "key" | "card" | ... 1337 more ... | "woman-sharp"'. Did you mean '"ban"'?
app/doctor/index.tsx(205,23): error TS2322: Type '({ marginBottom: number; } | { borderLeftWidth: number; borderLeftColor: string; })[]' is not assignable to type 'ViewStyle'.
  Types of property 'filter' are incompatible.
    Type '{ <S extends { marginBottom: number; } | { borderLeftWidth: number; borderLeftColor: string; }>(predicate: (value: { marginBottom: number; } | { borderLeftWidth: number; borderLeftColor: string; }, index: number, array: ({ ...; } | { ...; })[]) => value is S, thisArg?: any): S[]; (predicate: (value: { ...; } | { ......' is not assignable to type 'string | readonly FilterFunction[] | undefined'.
app/doctor/index.tsx(280,23): error TS2322: Type '({ marginBottom: number; } | { borderLeftWidth: number; borderLeftColor: string; })[]' is not assignable to type 'ViewStyle'.
  Types of property 'filter' are incompatible.
    Type '{ <S extends { marginBottom: number; } | { borderLeftWidth: number; borderLeftColor: string; }>(predicate: (value: { marginBottom: number; } | { borderLeftWidth: number; borderLeftColor: string; }, index: number, array: ({ ...; } | { ...; })[]) => value is S, thisArg?: any): S[]; (predicate: (value: { ...; } | { ......' is not assignable to type 'string | readonly FilterFunction[] | undefined'.
app/doctor/request/[id].tsx(218,15): error TS2322: Type '({ borderLeftWidth: number; marginBottom: number; } | { borderLeftColor: any; })[]' is not assignable to type 'ViewStyle'.
  Types of property 'filter' are incompatible.
    Type '{ <S extends { borderLeftWidth: number; marginBottom: number; } | { borderLeftColor: any; }>(predicate: (value: { borderLeftWidth: number; marginBottom: number; } | { borderLeftColor: any; }, index: number, array: ({ ...; } | { ...; })[]) => value is S, thisArg?: any): S[]; (predicate: (value: { ...; } | { ...; }, i...' is not assignable to type 'string | readonly FilterFunction[] | undefined'.
app/doctor/request/[id].tsx(320,17): error TS2322: Type '({ marginBottom: number; } | { backgroundColor: string; borderWidth: number; borderColor: string; })[]' is not assignable to type 'ViewStyle'.
  Types of property 'filter' are incompatible.
    Type '{ <S extends { marginBottom: number; } | { backgroundColor: string; borderWidth: number; borderColor: string; }>(predicate: (value: { marginBottom: number; } | { backgroundColor: string; borderWidth: number; borderColor: string; }, index: number, array: ({ ...; } | { ...; })[]) => value is S, thisArg?: any): S[]; (p...' is not assignable to type 'string | readonly FilterFunction[] | undefined'.
app/exam/index.tsx(130,17): error TS2322: Type '(false | { borderWidth: number; borderColor: string; } | { borderColor: string; backgroundColor: string; })[]' is not assignable to type 'ViewStyle'.
  Types of property 'filter' are incompatible.
    Type '{ <S extends false | { borderWidth: number; borderColor: string; } | { borderColor: string; backgroundColor: string; }>(predicate: (value: false | { borderWidth: number; borderColor: string; } | { borderColor: string; backgroundColor: string; }, index: number, array: (false | ... 1 more ... | { ...; })[]) => value i...' is not assignable to type 'string | readonly FilterFunction[] | undefined'.
app/nurse/index.tsx(118,15): error TS2322: Type '({ flex: number; padding: number; alignItems: "center"; backgroundColor: string; } | { backgroundColor: string; })[]' is not assignable to type 'ViewStyle'.
  Types of property 'filter' are incompatible.
    Type '{ <S extends { flex: number; padding: number; alignItems: "center"; backgroundColor: string; } | { backgroundColor: string; }>(predicate: (value: { flex: number; padding: number; alignItems: "center"; backgroundColor: string; } | { ...; }, index: number, array: ({ ...; } | { ...; })[]) => value is S, thisArg?: any):...' is not assignable to type 'string | readonly FilterFunction[] | undefined'.
app/nurse/index.tsx(122,15): error TS2322: Type '({ flex: number; padding: number; alignItems: "center"; backgroundColor: string; } | { backgroundColor: string; })[]' is not assignable to type 'ViewStyle'.
  Types of property 'filter' are incompatible.
    Type '{ <S extends { flex: number; padding: number; alignItems: "center"; backgroundColor: string; } | { backgroundColor: string; }>(predicate: (value: { flex: number; padding: number; alignItems: "center"; backgroundColor: string; } | { ...; }, index: number, array: ({ ...; } | { ...; })[]) => value is S, thisArg?: any):...' is not assignable to type 'string | readonly FilterFunction[] | undefined'.
app/nurse/index.tsx(142,23): error TS2322: Type '({ marginBottom: number; } | { borderLeftWidth: number; borderLeftColor: string; })[]' is not assignable to type 'ViewStyle'.
  Types of property 'filter' are incompatible.
    Type '{ <S extends { marginBottom: number; } | { borderLeftWidth: number; borderLeftColor: string; }>(predicate: (value: { marginBottom: number; } | { borderLeftWidth: number; borderLeftColor: string; }, index: number, array: ({ ...; } | { ...; })[]) => value is S, thisArg?: any): S[]; (predicate: (value: { ...; } | { ......' is not assignable to type 'string | readonly FilterFunction[] | undefined'.
app/nurse/index.tsx(179,38): error TS2322: Type '({ marginBottom: number; } | { borderLeftWidth: number; borderLeftColor: string; })[]' is not assignable to type 'ViewStyle'.
  Types of property 'filter' are incompatible.
    Type '{ <S extends { marginBottom: number; } | { borderLeftWidth: number; borderLeftColor: string; }>(predicate: (value: { marginBottom: number; } | { borderLeftWidth: number; borderLeftColor: string; }, index: number, array: ({ ...; } | { ...; })[]) => value is S, thisArg?: any): S[]; (predicate: (value: { ...; } | { ......' is not assignable to type 'string | readonly FilterFunction[] | undefined'.
app/nurse/index.tsx(279,21): error TS2551: Property 'fontXxl' does not exist on type '{ xs: number; sm: number; md: number; lg: number; xl: number; xxl: number; radiusSm: number; radiusMd: number; radiusLg: number; radiusXl: number; radiusFull: number; fontXs: number; fontSm: number; fontMd: number; ... 4 more ...; font4xl: number; }'. Did you mean 'fontXl'?
app/nurse/request/[id].tsx(54,31): error TS2339: Property 'getToken' does not exist on type 'AxiosInstance'.
app/nurse/request/[id].tsx(70,31): error TS2339: Property 'getToken' does not exist on type 'AxiosInstance'.
app/nurse/request/[id].tsx(90,31): error TS2339: Property 'getToken' does not exist on type 'AxiosInstance'.
app/nurse/request/[id].tsx(104,31): error TS2339: Property 'getToken' does not exist on type 'AxiosInstance'.
app/prescription/index.tsx(81,17): error TS2322: Type '(false | { borderWidth: number; borderColor: string; } | { borderColor: string; backgroundColor: string; })[]' is not assignable to type 'ViewStyle'.
  Types of property 'filter' are incompatible.
    Type '{ <S extends false | { borderWidth: number; borderColor: string; } | { borderColor: string; backgroundColor: string; }>(predicate: (value: false | { borderWidth: number; borderColor: string; } | { borderColor: string; backgroundColor: string; }, index: number, array: (false | ... 1 more ... | { ...; })[]) => value i...' is not assignable to type 'string | readonly FilterFunction[] | undefined'.
app/prescription/payment.tsx(38,9): error TS2353: Object literal may only specify known properties, and 'image_base64' does not exist in type '{ prescription_type: string; medications?: object[] | undefined; prescription_images?: string[] | undefined; notes?: string | undefined; }'.
app/prescription/payment.tsx(127,15): error TS2322: Type '(false | { borderWidth: number; borderColor: string; } | { borderColor: string; backgroundColor: string; })[]' is not assignable to type 'ViewStyle'.
  Types of property 'filter' are incompatible.
    Type '{ <S extends false | { borderWidth: number; borderColor: string; } | { borderColor: string; backgroundColor: string; }>(predicate: (value: false | { borderWidth: number; borderColor: string; } | { borderColor: string; backgroundColor: string; }, index: number, array: (false | ... 1 more ... | { ...; })[]) => value i...' is not assignable to type 'string | readonly FilterFunction[] | undefined'.
app/prescription/payment.tsx(165,15): error TS2322: Type '(false | { borderWidth: number; borderColor: string; } | { borderColor: string; backgroundColor: string; })[]' is not assignable to type 'ViewStyle'.
  Types of property 'filter' are incompatible.
    Type '{ <S extends false | { borderWidth: number; borderColor: string; } | { borderColor: string; backgroundColor: string; }>(predicate: (value: false | { borderWidth: number; borderColor: string; } | { borderColor: string; backgroundColor: string; }, index: number, array: (false | ... 1 more ... | { ...; })[]) => value i...' is not assignable to type 'string | readonly FilterFunction[] | undefined'.
app/prescription/upload.tsx(485,3): error TS1117: An object literal cannot have multiple properties with the same name.
app/prescription/upload.tsx(489,3): error TS1117: An object literal cannot have multiple properties with the same name.
app/prescription/upload.tsx(494,3): error TS1117: An object literal cannot have multiple properties with the same name.
app/prescription/view/[id].tsx(107,15): error TS2322: Type '({ marginBottom: number; } | { backgroundColor: string; borderWidth: number; borderColor: string; })[]' is not assignable to type 'ViewStyle'.
  Types of property 'filter' are incompatible.
    Type '{ <S extends { marginBottom: number; } | { backgroundColor: string; borderWidth: number; borderColor: string; }>(predicate: (value: { marginBottom: number; } | { backgroundColor: string; borderWidth: number; borderColor: string; }, index: number, array: ({ ...; } | { ...; })[]) => value is S, thisArg?: any): S[]; (p...' is not assignable to type 'string | readonly FilterFunction[] | undefined'.
app/request/[id].tsx(45,7): error TS2322: Type 'number' is not assignable to type 'Timeout'.
app/video/[id].tsx(45,7): error TS2322: Type 'number' is not assignable to type 'Timeout'.
src/components/Chat.tsx(40,5): error TS2322: Type 'number' is not assignable to type 'Timeout'.
src/components/Chat.tsx(98,22): error TS2367: This comparison appears to be unintentional because the types '"patient" | "doctor" | "support"' and '"system"' have no overlap.
src/components/Skeleton.tsx(48,9): error TS2322: Type '{ width: string | number; height: number; borderRadius: number; opacity: Animated.AnimatedInterpolation<string | number>; }' is not assignable to type 'false | "" | RegisteredStyle<ViewStyle> | Value | AnimatedInterpolation<string | number> | WithAnimatedObject<ViewStyle> | WithAnimatedArray<...> | readonly (false | ... 6 more ... | undefined)[] | null | undefined'.
  Types of property 'width' are incompatible.
    Type 'string | number' is not assignable to type 'number | "auto" | `${number}%` | Value | AnimatedInterpolation<string | number> | WithAnimatedObject<AnimatedNode> | null | undefined'.
      Type 'string' is not assignable to type 'number | "auto" | `${number}%` | Value | AnimatedInterpolation<string | number> | WithAnimatedObject<AnimatedNode> | null | undefined'. and fixing all reported issues.
-   **User's Main Pain Points:** The user's biggest functional complaints are the lack of **real-time updates** (the  hack is not good enough) and incomplete flows (especially **digital signature** and seeing the **payment link** appear promptly). After stabilizing the app, addressing these should be the next priority.
-   **New UI is partially integrated:** A beautiful new home page and component library exist. The agent was in the middle of integrating these components and fixing errors that arose from it. The task of making the UI consistent across the app is incomplete.

**documents created in this job**
- /app/README.md
- /app/docker-compose.yml
- /app/backend/.env.example
- /app/frontend/.env.example
- /app/setup/backend_setup.sh
- /app/setup/frontend_setup.sh
- Multiple new UI components and context files in .

**Last 10 User Messages and any pending HUMAN messages**
1.  **Front end cheio de erros app cheio de rios em tudo garanta que todos os fluxos funcionam back e front**: User is very frustrated, reporting the app is full of errors and demands all flows be fixed and verified. (IN PROGRESS)
2.  **Deixe a home page mega linda e atrativa**: User requested a beautiful new home page. (COMPLETED - but may have introduced new errors).
3.  **A**: User confirmed to proceed with integrating new UI components into existing screens. (IN PROGRESS)
4.  **Estado atual esta perfeito?**: User asked if the current state is perfect. (Agent answered honestly that it's not).
5.  **Todas as melhorias**: User agreed to implement all suggested frontend improvements. (IN PROGRESS)
6.  **Em relação ao front tem algo a ser melhorado?**: User asked for suggestions to improve the frontend. (COMPLETED - Agent provided a list).
7.  **Eu percebi que se eu baixo o projeto no github e tento rodar em alguma ide da errado eu queria poder rodar sem estresse**: User requested the project be made easy to run locally. (COMPLETED)
8.  **Em relação a funcionalidade em si da plataforma você acha boa?**: User asked for an honest opinion on the platform's functionality.
9.  **Qual sua sugestão de melhoria para deixar megacompleto? Nao tem como usar supabase mesmo?**: User asked for suggestions for major improvements and specifically mentioned Supabase (for real-time).
10. **1 sim, 2 sim**: User approved the plan to implement the new Nurse-led exam flow. (IN PROGRESS)

**Project Health Check:**
-   **Broken:** The frontend is in a broken state with multiple confirmed TypeScript errors and dependency warnings, preventing it from running correctly. The user has confirmed it's unusable.
-   **Mocked:** Digital Signature () and Push Notification services are placeholders.

**3rd Party Integrations**
-   **Google OAuth:** Implemented via . Requires User Client ID.
-   **MercadoPago (Payments):** Implemented via  SDK. Requires User Access Token.
-   **Jitsi Meet (Video Conferencing):** Implemented via WebView. Free, no key required.
-   **ClickSign (Digital Signatures):** Placeholder exists. Will require a User API Key.
-   **Expo Push Notifications:** Scaffolding exists but is not implemented. Can use Emergent services.

**Testing status**
- Testing agent used after significant changes: YES,  was used. It reported 92% coverage but found some unimplemented consultation endpoints.
- Troubleshoot agent used after agent stuck in loop: YES, it was used successfully to diagnose the critical image upload bug. It was NOT used for the most recent cheio de erros complaint.
- Test files created: None.
- Known regressions: The entire frontend is currently in a regressed, unstable state.

**Credentials to test flow:**
A test user  was used. The password is . This user may or may not exist in the database, so registration might be needed.

**What agent forgot to execute**
The agent did not run a full type-check () or regression test after performing the major UI overhaul and installing multiple new dependencies. This led to a broken state being presented to the user, causing significant frustration. While the agent started to debug, it failed to resolve the instability before the end of the session.

</analysis>
